Vivado Simulator 2018.2
Copyright 1986-1999, 2001-2018 Xilinx, Inc. All Rights Reserved.
Running: C:/Xilinx/Vivado/2018.2/bin/unwrapped/win64.o/xelab.exe -wto 0093d9cb140d490699bfbcb1a3fdea35 --incr --debug typical --relax --mt 2 -L xil_defaultlib -L secureip --snapshot Nanoprocessor_TB_behav xil_defaultlib.Nanoprocessor_TB -log elaborate.log 
Using 2 slave threads.
Starting static elaboration
Completed static elaboration
Starting simulation data flow analysis
Completed simulation data flow analysis
Time Resolution for simulation is 1ps
Compiling package std.standard
Compiling package std.textio
Compiling package ieee.std_logic_1164
Compiling package ieee.numeric_std
Compiling architecture behavioral of entity xil_defaultlib.SevenSeg_LUT_16_7 [sevenseg_lut_16_7_default]
Compiling architecture behavioral of entity xil_defaultlib.Slow_Clk [slow_clk_default]
Compiling architecture behavioral of entity xil_defaultlib.Decoder_2_to_4 [decoder_2_to_4_default]
Compiling architecture behavioral of entity xil_defaultlib.Decoder_3_to_8 [decoder_3_to_8_default]
Compiling architecture behavioral of entity xil_defaultlib.Reg [reg_default]
Compiling architecture behavioral of entity xil_defaultlib.Reg_Bank [reg_bank_default]
Compiling architecture behavioral of entity xil_defaultlib.Mux_8_to_1 [mux_8_to_1_default]
Compiling architecture behavioral of entity xil_defaultlib.Mux_8way_4bit [mux_8way_4bit_default]
Compiling architecture behavioral of entity xil_defaultlib.FA [fa_default]
Compiling architecture behavioral of entity xil_defaultlib.RCA_4 [rca_4_default]
Compiling architecture behavioral of entity xil_defaultlib.AU [au_default]
Compiling architecture behavioral of entity xil_defaultlib.Mux_2_to_1_4Bit [mux_2_to_1_4bit_default]
Compiling architecture behavioral of entity xil_defaultlib.Program_ROM_LUT_8_12 [program_rom_lut_8_12_default]
Compiling architecture behavioral of entity xil_defaultlib.PC_3Bit [pc_3bit_default]
Compiling architecture behavioral of entity xil_defaultlib.RCA_3 [rca_3_default]
Compiling architecture behavioral of entity xil_defaultlib.Mux_2_to_1_3Bit [mux_2_to_1_3bit_default]
Compiling architecture behavioral of entity xil_defaultlib.Ins_Decoder [ins_decoder_default]
Compiling architecture behavioral of entity xil_defaultlib.Nanoprocessor [nanoprocessor_default]
Compiling architecture behavioral of entity xil_defaultlib.nanoprocessor_tb
Built simulation snapshot Nanoprocessor_TB_behav
